<?xml version="1.0" encoding="UTF-8"?>
<!-- Generated by org.testng.reporters.JUnitXMLReporter -->
<testsuite hostname="DESKTOP-IUTAPCR" ignored="0" name="Surefire test" tests="6" failures="0" timestamp="2019-10-04T17:08:25 GST" time="0.09" errors="0">
  <testcase name="IOSApp" time="0.011" classname="QAautomation.AppiumTest"/>
  <testcase name="NativeAppandriod" time="0.001" classname="QAautomation.AppiumTest"/>
  <testcase name="BrowserAutomation" time="0.001" classname="QAautomation.AutomaionTest"/>
  <testcase name="elementUi" time="0.001" classname="QAautomation.AutomaionTest"/>
  <testcase name="DeleteTwitter" time="0.0" classname="QAautomation.RESTAPITest"/>
  <testcase name="PostJira" time="0.001" classname="QAautomation.RESTAPITest"/>
</testsuite> <!-- Surefire test -->
